{"C:\\MERN\\SkillPilot\\backend\\middleware\\auth.js": {"path":"C:\\MERN\\SkillPilot\\backend\\middleware\\auth.js","statementMap":{"0":{"start":{"line":1,"column":12},"end":{"line":1,"column":35}},"1":{"start":{"line":2,"column":19},"end":{"line":2,"column":69}},"2":{"start":{"line":5,"column":16},"end":{"line":5,"column":81}},"3":{"start":{"line":6,"column":2},"end":{"line":6,"column":74}},"4":{"start":{"line":6,"column":14},"end":{"line":6,"column":74}},"5":{"start":{"line":7,"column":2},"end":{"line":12,"column":63}},"6":{"start":{"line":8,"column":20},"end":{"line":8,"column":49}},"7":{"start":{"line":9,"column":4},"end":{"line":9,"column":32}},"8":{"start":{"line":10,"column":4},"end":{"line":10,"column":36}},"9":{"start":{"line":11,"column":4},"end":{"line":11,"column":11}},"10":{"start":{"line":12,"column":12},"end":{"line":12,"column":61}},"11":{"start":{"line":15,"column":0},"end":{"line":15,"column":46}}},"fnMap":{"0":{"name":"authenticate","decl":{"start":{"line":4,"column":9},"end":{"line":4,"column":21}},"loc":{"start":{"line":4,"column":38},"end":{"line":13,"column":1}},"line":4}},"branchMap":{"0":{"loc":{"start":{"line":2,"column":19},"end":{"line":2,"column":69}},"type":"binary-expr","locations":[{"start":{"line":2,"column":19},"end":{"line":2,"column":41}},{"start":{"line":2,"column":45},"end":{"line":2,"column":69}}],"line":2},"1":{"loc":{"start":{"line":5,"column":16},"end":{"line":5,"column":81}},"type":"binary-expr","locations":[{"start":{"line":5,"column":16},"end":{"line":5,"column":34}},{"start":{"line":5,"column":38},"end":{"line":5,"column":81}}],"line":5},"2":{"loc":{"start":{"line":6,"column":2},"end":{"line":6,"column":74}},"type":"if","locations":[{"start":{"line":6,"column":2},"end":{"line":6,"column":74}},{"start":{},"end":{}}],"line":6}},"s":{"0":1,"1":1,"2":0,"3":0,"4":0,"5":0,"6":0,"7":0,"8":0,"9":0,"10":0,"11":1},"f":{"0":0},"b":{"0":[1,1],"1":[0,0],"2":[0,0]},"_coverageSchema":"1a1c01bbd47fc00a2c39e90264f33305004495a9","hash":"466cb56b58cab4463e6fbd8e1f4c20d5212d594f"}
,"C:\\MERN\\SkillPilot\\backend\\models\\User.js": {"path":"C:\\MERN\\SkillPilot\\backend\\models\\User.js","statementMap":{"0":{"start":{"line":1,"column":17},"end":{"line":1,"column":36}},"1":{"start":{"line":3,"column":19},"end":{"line":23,"column":1}},"2":{"start":{"line":25,"column":0},"end":{"line":35,"column":3}},"3":{"start":{"line":26,"column":2},"end":{"line":33,"column":3}},"4":{"start":{"line":28,"column":4},"end":{"line":31,"column":21}},"5":{"start":{"line":29,"column":6},"end":{"line":29,"column":61}},"6":{"start":{"line":30,"column":6},"end":{"line":30,"column":71}},"7":{"start":{"line":32,"column":4},"end":{"line":32,"column":24}},"8":{"start":{"line":34,"column":2},"end":{"line":34,"column":9}},"9":{"start":{"line":37,"column":0},"end":{"line":37,"column":52}}},"fnMap":{"0":{"name":"(anonymous_0)","decl":{"start":{"line":25,"column":23},"end":{"line":25,"column":24}},"loc":{"start":{"line":25,"column":45},"end":{"line":35,"column":1}},"line":25}},"branchMap":{"0":{"loc":{"start":{"line":26,"column":2},"end":{"line":33,"column":3}},"type":"if","locations":[{"start":{"line":26,"column":2},"end":{"line":33,"column":3}},{"start":{},"end":{}}],"line":26}},"s":{"0":1,"1":1,"2":1,"3":4,"4":4,"5":4,"6":4,"7":4,"8":4,"9":1},"f":{"0":4},"b":{"0":[4,0]},"_coverageSchema":"1a1c01bbd47fc00a2c39e90264f33305004495a9","hash":"e3943a628d45a3b5fcc4a303fe902e2b38c64d97"}
,"C:\\MERN\\SkillPilot\\backend\\routes\\auth.js": {"path":"C:\\MERN\\SkillPilot\\backend\\routes\\auth.js","statementMap":{"0":{"start":{"line":1,"column":15},"end":{"line":1,"column":42}},"1":{"start":{"line":2,"column":15},"end":{"line":2,"column":34}},"2":{"start":{"line":3,"column":12},"end":{"line":3,"column":35}},"3":{"start":{"line":4,"column":13},"end":{"line":4,"column":38}},"4":{"start":{"line":5,"column":23},"end":{"line":5,"column":52}},"5":{"start":{"line":6,"column":25},"end":{"line":6,"column":55}},"6":{"start":{"line":7,"column":21},"end":{"line":7,"column":67}},"7":{"start":{"line":9,"column":0},"end":{"line":23,"column":3}},"8":{"start":{"line":10,"column":2},"end":{"line":22,"column":61}},"9":{"start":{"line":11,"column":42},"end":{"line":11,"column":50}},"10":{"start":{"line":12,"column":4},"end":{"line":12,"column":105}},"11":{"start":{"line":12,"column":42},"end":{"line":12,"column":105}},"12":{"start":{"line":13,"column":19},"end":{"line":13,"column":94}},"13":{"start":{"line":14,"column":4},"end":{"line":14,"column":91}},"14":{"start":{"line":14,"column":16},"end":{"line":14,"column":91}},"15":{"start":{"line":15,"column":25},"end":{"line":15,"column":56}},"16":{"start":{"line":16,"column":19},"end":{"line":16,"column":80}},"17":{"start":{"line":17,"column":24},"end":{"line":17,"column":73}},"18":{"start":{"line":18,"column":17},"end":{"line":18,"column":82}},"19":{"start":{"line":19,"column":18},"end":{"line":19,"column":91}},"20":{"start":{"line":20,"column":4},"end":{"line":20,"column":116}},"21":{"start":{"line":21,"column":4},"end":{"line":21,"column":118}},"22":{"start":{"line":22,"column":16},"end":{"line":22,"column":59}},"23":{"start":{"line":25,"column":0},"end":{"line":37,"column":3}},"24":{"start":{"line":26,"column":2},"end":{"line":36,"column":61}},"25":{"start":{"line":27,"column":32},"end":{"line":27,"column":40}},"26":{"start":{"line":28,"column":4},"end":{"line":28,"column":100}},"27":{"start":{"line":28,"column":29},"end":{"line":28,"column":100}},"28":{"start":{"line":29,"column":17},"end":{"line":29,"column":67}},"29":{"start":{"line":30,"column":4},"end":{"line":30,"column":78}},"30":{"start":{"line":30,"column":15},"end":{"line":30,"column":78}},"31":{"start":{"line":31,"column":18},"end":{"line":31,"column":67}},"32":{"start":{"line":32,"column":4},"end":{"line":32,"column":79}},"33":{"start":{"line":32,"column":16},"end":{"line":32,"column":79}},"34":{"start":{"line":33,"column":18},"end":{"line":33,"column":106}},"35":{"start":{"line":34,"column":4},"end":{"line":34,"column":116}},"36":{"start":{"line":35,"column":4},"end":{"line":35,"column":163}},"37":{"start":{"line":36,"column":16},"end":{"line":36,"column":59}},"38":{"start":{"line":39,"column":19},"end":{"line":39,"column":40}},"39":{"start":{"line":41,"column":20},"end":{"line":47,"column":2}},"40":{"start":{"line":49,"column":0},"end":{"line":89,"column":3}},"41":{"start":{"line":50,"column":2},"end":{"line":88,"column":3}},"42":{"start":{"line":51,"column":22},"end":{"line":51,"column":30}},"43":{"start":{"line":52,"column":4},"end":{"line":52,"column":77}},"44":{"start":{"line":52,"column":16},"end":{"line":52,"column":77}},"45":{"start":{"line":54,"column":17},"end":{"line":54,"column":67}},"46":{"start":{"line":55,"column":4},"end":{"line":55,"column":73}},"47":{"start":{"line":55,"column":15},"end":{"line":55,"column":73}},"48":{"start":{"line":58,"column":17},"end":{"line":58,"column":71}},"49":{"start":{"line":59,"column":23},"end":{"line":59,"column":50}},"50":{"start":{"line":62,"column":4},"end":{"line":62,"column":32}},"51":{"start":{"line":63,"column":4},"end":{"line":63,"column":66}},"52":{"start":{"line":64,"column":4},"end":{"line":64,"column":22}},"53":{"start":{"line":67,"column":4},"end":{"line":82,"column":7}},"54":{"start":{"line":84,"column":4},"end":{"line":84,"column":77}},"55":{"start":{"line":86,"column":4},"end":{"line":86,"column":21}},"56":{"start":{"line":87,"column":4},"end":{"line":87,"column":85}},"57":{"start":{"line":91,"column":0},"end":{"line":111,"column":3}},"58":{"start":{"line":92,"column":2},"end":{"line":110,"column":3}},"59":{"start":{"line":93,"column":28},"end":{"line":93,"column":36}},"60":{"start":{"line":94,"column":4},"end":{"line":94,"column":96}},"61":{"start":{"line":94,"column":25},"end":{"line":94,"column":96}},"62":{"start":{"line":96,"column":17},"end":{"line":100,"column":6}},"63":{"start":{"line":102,"column":4},"end":{"line":102,"column":82}},"64":{"start":{"line":102,"column":15},"end":{"line":102,"column":82}},"65":{"start":{"line":104,"column":20},"end":{"line":104,"column":62}},"66":{"start":{"line":105,"column":4},"end":{"line":105,"column":74}},"67":{"start":{"line":105,"column":18},"end":{"line":105,"column":74}},"68":{"start":{"line":107,"column":4},"end":{"line":107,"column":72}},"69":{"start":{"line":109,"column":4},"end":{"line":109,"column":47}},"70":{"start":{"line":113,"column":0},"end":{"line":139,"column":3}},"71":{"start":{"line":114,"column":2},"end":{"line":138,"column":3}},"72":{"start":{"line":115,"column":41},"end":{"line":115,"column":49}},"73":{"start":{"line":116,"column":4},"end":{"line":116,"column":104}},"74":{"start":{"line":116,"column":41},"end":{"line":116,"column":104}},"75":{"start":{"line":118,"column":17},"end":{"line":122,"column":6}},"76":{"start":{"line":124,"column":4},"end":{"line":124,"column":82}},"77":{"start":{"line":124,"column":15},"end":{"line":124,"column":82}},"78":{"start":{"line":126,"column":20},"end":{"line":126,"column":62}},"79":{"start":{"line":127,"column":4},"end":{"line":127,"column":74}},"80":{"start":{"line":127,"column":18},"end":{"line":127,"column":74}},"81":{"start":{"line":130,"column":4},"end":{"line":130,"column":59}},"82":{"start":{"line":131,"column":4},"end":{"line":131,"column":31}},"83":{"start":{"line":132,"column":4},"end":{"line":132,"column":38}},"84":{"start":{"line":133,"column":4},"end":{"line":133,"column":22}},"85":{"start":{"line":135,"column":4},"end":{"line":135,"column":71}},"86":{"start":{"line":137,"column":4},"end":{"line":137,"column":47}},"87":{"start":{"line":141,"column":0},"end":{"line":152,"column":3}},"88":{"start":{"line":142,"column":16},"end":{"line":142,"column":34}},"89":{"start":{"line":143,"column":2},"end":{"line":143,"column":74}},"90":{"start":{"line":143,"column":14},"end":{"line":143,"column":74}},"91":{"start":{"line":144,"column":2},"end":{"line":151,"column":3}},"92":{"start":{"line":145,"column":20},"end":{"line":145,"column":49}},"93":{"start":{"line":146,"column":17},"end":{"line":146,"column":52}},"94":{"start":{"line":147,"column":4},"end":{"line":147,"column":72}},"95":{"start":{"line":147,"column":15},"end":{"line":147,"column":72}},"96":{"start":{"line":148,"column":4},"end":{"line":148,"column":163}},"97":{"start":{"line":150,"column":4},"end":{"line":150,"column":53}},"98":{"start":{"line":154,"column":0},"end":{"line":157,"column":3}},"99":{"start":{"line":155,"column":2},"end":{"line":155,"column":27}},"100":{"start":{"line":156,"column":2},"end":{"line":156,"column":30}},"101":{"start":{"line":159,"column":0},"end":{"line":199,"column":3}},"102":{"start":{"line":160,"column":2},"end":{"line":198,"column":3}},"103":{"start":{"line":161,"column":27},"end":{"line":161,"column":35}},"104":{"start":{"line":162,"column":19},"end":{"line":165,"column":6}},"105":{"start":{"line":166,"column":20},"end":{"line":166,"column":39}},"106":{"start":{"line":167,"column":33},"end":{"line":167,"column":40}},"107":{"start":{"line":169,"column":15},"end":{"line":169,"column":65}},"108":{"start":{"line":171,"column":4},"end":{"line":190,"column":5}},"109":{"start":{"line":172,"column":21},"end":{"line":172,"column":82}},"110":{"start":{"line":173,"column":26},"end":{"line":173,"column":75}},"111":{"start":{"line":174,"column":27},"end":{"line":174,"column":84}},"112":{"start":{"line":175,"column":21},"end":{"line":175,"column":33}},"113":{"start":{"line":176,"column":18},"end":{"line":176,"column":19}},"114":{"start":{"line":177,"column":6},"end":{"line":180,"column":7}},"115":{"start":{"line":178,"column":8},"end":{"line":178,"column":40}},"116":{"start":{"line":179,"column":8},"end":{"line":179,"column":16}},"117":{"start":{"line":181,"column":6},"end":{"line":186,"column":9}},"118":{"start":{"line":187,"column":11},"end":{"line":190,"column":5}},"119":{"start":{"line":188,"column":6},"end":{"line":188,"column":26}},"120":{"start":{"line":189,"column":6},"end":{"line":189,"column":24}},"121":{"start":{"line":192,"column":18},"end":{"line":192,"column":106}},"122":{"start":{"line":193,"column":4},"end":{"line":193,"column":116}},"123":{"start":{"line":194,"column":4},"end":{"line":194,"column":163}},"124":{"start":{"line":196,"column":4},"end":{"line":196,"column":21}},"125":{"start":{"line":197,"column":4},"end":{"line":197,"column":68}},"126":{"start":{"line":201,"column":0},"end":{"line":201,"column":24}}},"fnMap":{"0":{"name":"(anonymous_0)","decl":{"start":{"line":9,"column":25},"end":{"line":9,"column":26}},"loc":{"start":{"line":9,"column":45},"end":{"line":23,"column":1}},"line":9},"1":{"name":"(anonymous_1)","decl":{"start":{"line":25,"column":22},"end":{"line":25,"column":23}},"loc":{"start":{"line":25,"column":42},"end":{"line":37,"column":1}},"line":25},"2":{"name":"(anonymous_2)","decl":{"start":{"line":49,"column":32},"end":{"line":49,"column":33}},"loc":{"start":{"line":49,"column":52},"end":{"line":89,"column":1}},"line":49},"3":{"name":"(anonymous_3)","decl":{"start":{"line":91,"column":34},"end":{"line":91,"column":35}},"loc":{"start":{"line":91,"column":54},"end":{"line":111,"column":1}},"line":91},"4":{"name":"(anonymous_4)","decl":{"start":{"line":113,"column":31},"end":{"line":113,"column":32}},"loc":{"start":{"line":113,"column":51},"end":{"line":139,"column":1}},"line":113},"5":{"name":"(anonymous_5)","decl":{"start":{"line":141,"column":18},"end":{"line":141,"column":19}},"loc":{"start":{"line":141,"column":38},"end":{"line":152,"column":1}},"line":141},"6":{"name":"(anonymous_6)","decl":{"start":{"line":154,"column":23},"end":{"line":154,"column":24}},"loc":{"start":{"line":154,"column":37},"end":{"line":157,"column":1}},"line":154},"7":{"name":"(anonymous_7)","decl":{"start":{"line":159,"column":23},"end":{"line":159,"column":24}},"loc":{"start":{"line":159,"column":43},"end":{"line":199,"column":1}},"line":159}},"branchMap":{"0":{"loc":{"start":{"line":12,"column":4},"end":{"line":12,"column":105}},"type":"if","locations":[{"start":{"line":12,"column":4},"end":{"line":12,"column":105}},{"start":{},"end":{}}],"line":12},"1":{"loc":{"start":{"line":12,"column":8},"end":{"line":12,"column":40}},"type":"binary-expr","locations":[{"start":{"line":12,"column":8},"end":{"line":12,"column":17}},{"start":{"line":12,"column":21},"end":{"line":12,"column":27}},{"start":{"line":12,"column":31},"end":{"line":12,"column":40}}],"line":12},"2":{"loc":{"start":{"line":14,"column":4},"end":{"line":14,"column":91}},"type":"if","locations":[{"start":{"line":14,"column":4},"end":{"line":14,"column":91}},{"start":{},"end":{}}],"line":14},"3":{"loc":{"start":{"line":21,"column":99},"end":{"line":21,"column":112}},"type":"binary-expr","locations":[{"start":{"line":21,"column":99},"end":{"line":21,"column":107}},{"start":{"line":21,"column":111},"end":{"line":21,"column":112}}],"line":21},"4":{"loc":{"start":{"line":28,"column":4},"end":{"line":28,"column":100}},"type":"if","locations":[{"start":{"line":28,"column":4},"end":{"line":28,"column":100}},{"start":{},"end":{}}],"line":28},"5":{"loc":{"start":{"line":28,"column":8},"end":{"line":28,"column":27}},"type":"binary-expr","locations":[{"start":{"line":28,"column":8},"end":{"line":28,"column":14}},{"start":{"line":28,"column":18},"end":{"line":28,"column":27}}],"line":28},"6":{"loc":{"start":{"line":30,"column":4},"end":{"line":30,"column":78}},"type":"if","locations":[{"start":{"line":30,"column":4},"end":{"line":30,"column":78}},{"start":{},"end":{}}],"line":30},"7":{"loc":{"start":{"line":32,"column":4},"end":{"line":32,"column":79}},"type":"if","locations":[{"start":{"line":32,"column":4},"end":{"line":32,"column":79}},{"start":{},"end":{}}],"line":32},"8":{"loc":{"start":{"line":35,"column":144},"end":{"line":35,"column":157}},"type":"binary-expr","locations":[{"start":{"line":35,"column":144},"end":{"line":35,"column":152}},{"start":{"line":35,"column":156},"end":{"line":35,"column":157}}],"line":35},"9":{"loc":{"start":{"line":52,"column":4},"end":{"line":52,"column":77}},"type":"if","locations":[{"start":{"line":52,"column":4},"end":{"line":52,"column":77}},{"start":{},"end":{}}],"line":52},"10":{"loc":{"start":{"line":55,"column":4},"end":{"line":55,"column":73}},"type":"if","locations":[{"start":{"line":55,"column":4},"end":{"line":55,"column":73}},{"start":{},"end":{}}],"line":55},"11":{"loc":{"start":{"line":94,"column":4},"end":{"line":94,"column":96}},"type":"if","locations":[{"start":{"line":94,"column":4},"end":{"line":94,"column":96}},{"start":{},"end":{}}],"line":94},"12":{"loc":{"start":{"line":94,"column":8},"end":{"line":94,"column":23}},"type":"binary-expr","locations":[{"start":{"line":94,"column":8},"end":{"line":94,"column":14}},{"start":{"line":94,"column":18},"end":{"line":94,"column":23}}],"line":94},"13":{"loc":{"start":{"line":102,"column":4},"end":{"line":102,"column":82}},"type":"if","locations":[{"start":{"line":102,"column":4},"end":{"line":102,"column":82}},{"start":{},"end":{}}],"line":102},"14":{"loc":{"start":{"line":105,"column":4},"end":{"line":105,"column":74}},"type":"if","locations":[{"start":{"line":105,"column":4},"end":{"line":105,"column":74}},{"start":{},"end":{}}],"line":105},"15":{"loc":{"start":{"line":116,"column":4},"end":{"line":116,"column":104}},"type":"if","locations":[{"start":{"line":116,"column":4},"end":{"line":116,"column":104}},{"start":{},"end":{}}],"line":116},"16":{"loc":{"start":{"line":116,"column":8},"end":{"line":116,"column":39}},"type":"binary-expr","locations":[{"start":{"line":116,"column":8},"end":{"line":116,"column":14}},{"start":{"line":116,"column":18},"end":{"line":116,"column":23}},{"start":{"line":116,"column":27},"end":{"line":116,"column":39}}],"line":116},"17":{"loc":{"start":{"line":124,"column":4},"end":{"line":124,"column":82}},"type":"if","locations":[{"start":{"line":124,"column":4},"end":{"line":124,"column":82}},{"start":{},"end":{}}],"line":124},"18":{"loc":{"start":{"line":127,"column":4},"end":{"line":127,"column":74}},"type":"if","locations":[{"start":{"line":127,"column":4},"end":{"line":127,"column":74}},{"start":{},"end":{}}],"line":127},"19":{"loc":{"start":{"line":143,"column":2},"end":{"line":143,"column":74}},"type":"if","locations":[{"start":{"line":143,"column":2},"end":{"line":143,"column":74}},{"start":{},"end":{}}],"line":143},"20":{"loc":{"start":{"line":147,"column":4},"end":{"line":147,"column":72}},"type":"if","locations":[{"start":{"line":147,"column":4},"end":{"line":147,"column":72}},{"start":{},"end":{}}],"line":147},"21":{"loc":{"start":{"line":148,"column":144},"end":{"line":148,"column":157}},"type":"binary-expr","locations":[{"start":{"line":148,"column":144},"end":{"line":148,"column":152}},{"start":{"line":148,"column":156},"end":{"line":148,"column":157}}],"line":148},"22":{"loc":{"start":{"line":171,"column":4},"end":{"line":190,"column":5}},"type":"if","locations":[{"start":{"line":171,"column":4},"end":{"line":190,"column":5}},{"start":{"line":187,"column":11},"end":{"line":190,"column":5}}],"line":171},"23":{"loc":{"start":{"line":174,"column":27},"end":{"line":174,"column":84}},"type":"binary-expr","locations":[{"start":{"line":174,"column":27},"end":{"line":174,"column":74}},{"start":{"line":174,"column":78},"end":{"line":174,"column":84}}],"line":174},"24":{"loc":{"start":{"line":187,"column":11},"end":{"line":190,"column":5}},"type":"if","locations":[{"start":{"line":187,"column":11},"end":{"line":190,"column":5}},{"start":{},"end":{}}],"line":187},"25":{"loc":{"start":{"line":194,"column":144},"end":{"line":194,"column":157}},"type":"binary-expr","locations":[{"start":{"line":194,"column":144},"end":{"line":194,"column":152}},{"start":{"line":194,"column":156},"end":{"line":194,"column":157}}],"line":194}},"s":{"0":1,"1":1,"2":1,"3":1,"4":1,"5":1,"6":1,"7":1,"8":5,"9":5,"10":5,"11":0,"12":5,"13":5,"14":1,"15":4,"16":4,"17":4,"18":4,"19":4,"20":4,"21":4,"22":0,"23":1,"24":2,"25":2,"26":2,"27":0,"28":2,"29":2,"30":0,"31":2,"32":2,"33":1,"34":1,"35":1,"36":1,"37":0,"38":1,"39":1,"40":1,"41":0,"42":0,"43":0,"44":0,"45":0,"46":0,"47":0,"48":0,"49":0,"50":0,"51":0,"52":0,"53":0,"54":0,"55":0,"56":0,"57":1,"58":0,"59":0,"60":0,"61":0,"62":0,"63":0,"64":0,"65":0,"66":0,"67":0,"68":0,"69":0,"70":1,"71":0,"72":0,"73":0,"74":0,"75":0,"76":0,"77":0,"78":0,"79":0,"80":0,"81":0,"82":0,"83":0,"84":0,"85":0,"86":0,"87":1,"88":0,"89":0,"90":0,"91":0,"92":0,"93":0,"94":0,"95":0,"96":0,"97":0,"98":1,"99":0,"100":0,"101":1,"102":0,"103":0,"104":0,"105":0,"106":0,"107":0,"108":0,"109":0,"110":0,"111":0,"112":0,"113":0,"114":0,"115":0,"116":0,"117":0,"118":0,"119":0,"120":0,"121":0,"122":0,"123":0,"124":0,"125":0,"126":1},"f":{"0":5,"1":2,"2":0,"3":0,"4":0,"5":0,"6":0,"7":0},"b":{"0":[0,5],"1":[5,5,5],"2":[1,4],"3":[4,4],"4":[0,2],"5":[2,2],"6":[0,2],"7":[1,1],"8":[1,1],"9":[0,0],"10":[0,0],"11":[0,0],"12":[0,0],"13":[0,0],"14":[0,0],"15":[0,0],"16":[0,0,0],"17":[0,0],"18":[0,0],"19":[0,0],"20":[0,0],"21":[0,0],"22":[0,0],"23":[0,0],"24":[0,0],"25":[0,0]},"_coverageSchema":"1a1c01bbd47fc00a2c39e90264f33305004495a9","hash":"ec2c24bbcbd28874e9b950dcbbbf6561a7a132af"}
,"C:\\MERN\\SkillPilot\\backend\\routes\\execute.js": {"path":"C:\\MERN\\SkillPilot\\backend\\routes\\execute.js","statementMap":{"0":{"start":{"line":1,"column":16},"end":{"line":1,"column":34}},"1":{"start":{"line":2,"column":15},"end":{"line":2,"column":31}},"2":{"start":{"line":3,"column":11},"end":{"line":3,"column":33}},"3":{"start":{"line":4,"column":13},"end":{"line":4,"column":28}},"4":{"start":{"line":5,"column":17},"end":{"line":5,"column":41}},"5":{"start":{"line":6,"column":22},"end":{"line":6,"column":37}},"6":{"start":{"line":7,"column":15},"end":{"line":7,"column":32}},"7":{"start":{"line":8,"column":25},"end":{"line":8,"column":54}},"8":{"start":{"line":10,"column":18},"end":{"line":10,"column":33}},"9":{"start":{"line":13,"column":15},"end":{"line":13,"column":52}},"10":{"start":{"line":17,"column":2},"end":{"line":21,"column":3}},"11":{"start":{"line":18,"column":4},"end":{"line":18,"column":28}},"12":{"start":{"line":20,"column":4},"end":{"line":20,"column":48}},"13":{"start":{"line":29,"column":2},"end":{"line":29,"column":23}},"14":{"start":{"line":29,"column":13},"end":{"line":29,"column":23}},"15":{"start":{"line":31,"column":12},"end":{"line":31,"column":16}},"16":{"start":{"line":34,"column":2},"end":{"line":42,"column":3}},"17":{"start":{"line":35,"column":20},"end":{"line":35,"column":72}},"18":{"start":{"line":36,"column":4},"end":{"line":36,"column":60}},"19":{"start":{"line":39,"column":26},"end":{"line":39,"column":60}},"20":{"start":{"line":40,"column":29},"end":{"line":40,"column":86}},"21":{"start":{"line":41,"column":4},"end":{"line":41,"column":69}},"22":{"start":{"line":45,"column":21},"end":{"line":45,"column":66}},"23":{"start":{"line":46,"column":2},"end":{"line":46,"column":73}},"24":{"start":{"line":49,"column":2},"end":{"line":56,"column":3}},"25":{"start":{"line":50,"column":4},"end":{"line":55,"column":14}},"26":{"start":{"line":59,"column":2},"end":{"line":64,"column":3}},"27":{"start":{"line":60,"column":4},"end":{"line":63,"column":14}},"28":{"start":{"line":66,"column":2},"end":{"line":66,"column":13}},"29":{"start":{"line":69,"column":0},"end":{"line":249,"column":3}},"30":{"start":{"line":70,"column":40},"end":{"line":70,"column":48}},"31":{"start":{"line":72,"column":2},"end":{"line":74,"column":3}},"32":{"start":{"line":73,"column":4},"end":{"line":73,"column":78}},"33":{"start":{"line":76,"column":2},"end":{"line":76,"column":23}},"34":{"start":{"line":79,"column":19},"end":{"line":79,"column":57}},"35":{"start":{"line":80,"column":17},"end":{"line":80,"column":19}},"36":{"start":{"line":81,"column":16},"end":{"line":81,"column":18}},"37":{"start":{"line":83,"column":2},"end":{"line":248,"column":3}},"38":{"start":{"line":84,"column":4},"end":{"line":217,"column":5}},"39":{"start":{"line":85,"column":6},"end":{"line":85,"column":53}},"40":{"start":{"line":87,"column":25},"end":{"line":98,"column":7}},"41":{"start":{"line":99,"column":6},"end":{"line":99,"column":47}},"42":{"start":{"line":100,"column":23},"end":{"line":100,"column":46}},"43":{"start":{"line":101,"column":6},"end":{"line":101,"column":124}},"44":{"start":{"line":103,"column":11},"end":{"line":217,"column":5}},"45":{"start":{"line":104,"column":6},"end":{"line":104,"column":53}},"46":{"start":{"line":106,"column":23},"end":{"line":126,"column":8}},"47":{"start":{"line":128,"column":6},"end":{"line":128,"column":45}},"48":{"start":{"line":129,"column":23},"end":{"line":129,"column":46}},"49":{"start":{"line":130,"column":6},"end":{"line":130,"column":130}},"50":{"start":{"line":132,"column":11},"end":{"line":217,"column":5}},"51":{"start":{"line":133,"column":23},"end":{"line":133,"column":80}},"52":{"start":{"line":135,"column":23},"end":{"line":135,"column":27}},"53":{"start":{"line":136,"column":25},"end":{"line":136,"column":54}},"54":{"start":{"line":138,"column":26},"end":{"line":138,"column":97}},"55":{"start":{"line":140,"column":6},"end":{"line":208,"column":7}},"56":{"start":{"line":141,"column":30},"end":{"line":141,"column":85}},"57":{"start":{"line":142,"column":27},"end":{"line":142,"column":72}},"58":{"start":{"line":144,"column":8},"end":{"line":148,"column":9}},"59":{"start":{"line":145,"column":12},"end":{"line":145,"column":44}},"60":{"start":{"line":146,"column":15},"end":{"line":148,"column":9}},"61":{"start":{"line":147,"column":12},"end":{"line":147,"column":41}},"62":{"start":{"line":150,"column":8},"end":{"line":150,"column":61}},"63":{"start":{"line":152,"column":8},"end":{"line":173,"column":9}},"64":{"start":{"line":153,"column":35},"end":{"line":153,"column":71}},"65":{"start":{"line":154,"column":12},"end":{"line":171,"column":5}},"66":{"start":{"line":172,"column":12},"end":{"line":172,"column":42}},"67":{"start":{"line":175,"column":24},"end":{"line":175,"column":26}},"68":{"start":{"line":176,"column":35},"end":{"line":179,"column":10}},"69":{"start":{"line":177,"column":12},"end":{"line":177,"column":32}},"70":{"start":{"line":178,"column":12},"end":{"line":178,"column":22}},"71":{"start":{"line":181,"column":8},"end":{"line":181,"column":61}},"72":{"start":{"line":183,"column":25},"end":{"line":198,"column":49}},"73":{"start":{"line":200,"column":8},"end":{"line":207,"column":3}},"74":{"start":{"line":210,"column":6},"end":{"line":210,"column":47}},"75":{"start":{"line":211,"column":6},"end":{"line":211,"column":58}},"76":{"start":{"line":212,"column":23},"end":{"line":212,"column":46}},"77":{"start":{"line":213,"column":6},"end":{"line":213,"column":185}},"78":{"start":{"line":216,"column":6},"end":{"line":216,"column":107}},"79":{"start":{"line":220,"column":31},"end":{"line":220,"column":75}},"80":{"start":{"line":222,"column":4},"end":{"line":226,"column":7}},"81":{"start":{"line":230,"column":19},"end":{"line":230,"column":54}},"82":{"start":{"line":231,"column":19},"end":{"line":231,"column":37}},"83":{"start":{"line":232,"column":4},"end":{"line":237,"column":7}},"84":{"start":{"line":240,"column":4},"end":{"line":242,"column":5}},"85":{"start":{"line":241,"column":6},"end":{"line":241,"column":49}},"86":{"start":{"line":241,"column":12},"end":{"line":241,"column":38}},"87":{"start":{"line":244,"column":4},"end":{"line":247,"column":5}},"88":{"start":{"line":245,"column":24},"end":{"line":245,"column":56}},"89":{"start":{"line":246,"column":6},"end":{"line":246,"column":80}},"90":{"start":{"line":246,"column":12},"end":{"line":246,"column":69}},"91":{"start":{"line":251,"column":0},"end":{"line":251,"column":24}}},"fnMap":{"0":{"name":"ensureTmpDir","decl":{"start":{"line":16,"column":15},"end":{"line":16,"column":27}},"loc":{"start":{"line":16,"column":30},"end":{"line":22,"column":1}},"line":16},"1":{"name":"sanitizeOutput","decl":{"start":{"line":28,"column":9},"end":{"line":28,"column":23}},"loc":{"start":{"line":28,"column":50},"end":{"line":67,"column":1}},"line":28},"2":{"name":"(anonymous_2)","decl":{"start":{"line":69,"column":34},"end":{"line":69,"column":35}},"loc":{"start":{"line":69,"column":54},"end":{"line":249,"column":1}},"line":69},"3":{"name":"(anonymous_3)","decl":{"start":{"line":176,"column":68},"end":{"line":176,"column":69}},"loc":{"start":{"line":176,"column":77},"end":{"line":179,"column":9}},"line":176}},"branchMap":{"0":{"loc":{"start":{"line":29,"column":2},"end":{"line":29,"column":23}},"type":"if","locations":[{"start":{"line":29,"column":2},"end":{"line":29,"column":23}},{"start":{},"end":{}}],"line":29},"1":{"loc":{"start":{"line":34,"column":2},"end":{"line":42,"column":3}},"type":"if","locations":[{"start":{"line":34,"column":2},"end":{"line":42,"column":3}},{"start":{},"end":{}}],"line":34},"2":{"loc":{"start":{"line":49,"column":2},"end":{"line":56,"column":3}},"type":"if","locations":[{"start":{"line":49,"column":2},"end":{"line":56,"column":3}},{"start":{},"end":{}}],"line":49},"3":{"loc":{"start":{"line":59,"column":2},"end":{"line":64,"column":3}},"type":"if","locations":[{"start":{"line":59,"column":2},"end":{"line":64,"column":3}},{"start":{},"end":{}}],"line":59},"4":{"loc":{"start":{"line":72,"column":2},"end":{"line":74,"column":3}},"type":"if","locations":[{"start":{"line":72,"column":2},"end":{"line":74,"column":3}},{"start":{},"end":{}}],"line":72},"5":{"loc":{"start":{"line":72,"column":6},"end":{"line":72,"column":24}},"type":"binary-expr","locations":[{"start":{"line":72,"column":6},"end":{"line":72,"column":15}},{"start":{"line":72,"column":19},"end":{"line":72,"column":24}}],"line":72},"6":{"loc":{"start":{"line":84,"column":4},"end":{"line":217,"column":5}},"type":"if","locations":[{"start":{"line":84,"column":4},"end":{"line":217,"column":5}},{"start":{"line":103,"column":11},"end":{"line":217,"column":5}}],"line":84},"7":{"loc":{"start":{"line":90,"column":8},"end":{"line":97,"column":12}},"type":"cond-expr","locations":[{"start":{"line":90,"column":20},"end":{"line":97,"column":7}},{"start":{"line":97,"column":10},"end":{"line":97,"column":12}}],"line":90},"8":{"loc":{"start":{"line":103,"column":11},"end":{"line":217,"column":5}},"type":"if","locations":[{"start":{"line":103,"column":11},"end":{"line":217,"column":5}},{"start":{"line":132,"column":11},"end":{"line":217,"column":5}}],"line":103},"9":{"loc":{"start":{"line":106,"column":23},"end":{"line":126,"column":8}},"type":"cond-expr","locations":[{"start":{"line":106,"column":35},"end":{"line":126,"column":1}},{"start":{"line":126,"column":4},"end":{"line":126,"column":8}}],"line":106},"10":{"loc":{"start":{"line":132,"column":11},"end":{"line":217,"column":5}},"type":"if","locations":[{"start":{"line":132,"column":11},"end":{"line":217,"column":5}},{"start":{"line":215,"column":11},"end":{"line":217,"column":5}}],"line":132},"11":{"loc":{"start":{"line":138,"column":26},"end":{"line":138,"column":97}},"type":"cond-expr","locations":[{"start":{"line":138,"column":38},"end":{"line":138,"column":92}},{"start":{"line":138,"column":95},"end":{"line":138,"column":97}}],"line":138},"12":{"loc":{"start":{"line":140,"column":6},"end":{"line":208,"column":7}},"type":"if","locations":[{"start":{"line":140,"column":6},"end":{"line":208,"column":7}},{"start":{"line":174,"column":13},"end":{"line":208,"column":7}}],"line":140},"13":{"loc":{"start":{"line":144,"column":8},"end":{"line":148,"column":9}},"type":"if","locations":[{"start":{"line":144,"column":8},"end":{"line":148,"column":9}},{"start":{"line":146,"column":15},"end":{"line":148,"column":9}}],"line":144},"14":{"loc":{"start":{"line":146,"column":15},"end":{"line":148,"column":9}},"type":"if","locations":[{"start":{"line":146,"column":15},"end":{"line":148,"column":9}},{"start":{},"end":{}}],"line":146},"15":{"loc":{"start":{"line":152,"column":8},"end":{"line":173,"column":9}},"type":"if","locations":[{"start":{"line":152,"column":8},"end":{"line":173,"column":9}},{"start":{},"end":{}}],"line":152},"16":{"loc":{"start":{"line":152,"column":12},"end":{"line":152,"column":71}},"type":"binary-expr","locations":[{"start":{"line":152,"column":12},"end":{"line":152,"column":21}},{"start":{"line":152,"column":25},"end":{"line":152,"column":71}}],"line":152},"17":{"loc":{"start":{"line":183,"column":25},"end":{"line":198,"column":49}},"type":"cond-expr","locations":[{"start":{"line":183,"column":37},"end":{"line":198,"column":9}},{"start":{"line":198,"column":12},"end":{"line":198,"column":49}}],"line":183},"18":{"loc":{"start":{"line":230,"column":19},"end":{"line":230,"column":54}},"type":"binary-expr","locations":[{"start":{"line":230,"column":19},"end":{"line":230,"column":31}},{"start":{"line":230,"column":35},"end":{"line":230,"column":48}},{"start":{"line":230,"column":52},"end":{"line":230,"column":54}}],"line":230},"19":{"loc":{"start":{"line":231,"column":19},"end":{"line":231,"column":37}},"type":"binary-expr","locations":[{"start":{"line":231,"column":19},"end":{"line":231,"column":31}},{"start":{"line":231,"column":35},"end":{"line":231,"column":37}}],"line":231},"20":{"loc":{"start":{"line":240,"column":4},"end":{"line":242,"column":5}},"type":"if","locations":[{"start":{"line":240,"column":4},"end":{"line":242,"column":5}},{"start":{},"end":{}}],"line":240},"21":{"loc":{"start":{"line":244,"column":4},"end":{"line":247,"column":5}},"type":"if","locations":[{"start":{"line":244,"column":4},"end":{"line":247,"column":5}},{"start":{},"end":{}}],"line":244},"22":{"loc":{"start":{"line":244,"column":8},"end":{"line":244,"column":39}},"type":"binary-expr","locations":[{"start":{"line":244,"column":8},"end":{"line":244,"column":27}},{"start":{"line":244,"column":31},"end":{"line":244,"column":39}}],"line":244}},"s":{"0":1,"1":1,"2":1,"3":1,"4":1,"5":1,"6":1,"7":1,"8":1,"9":1,"10":5,"11":5,"12":0,"13":10,"14":4,"15":6,"16":6,"17":6,"18":6,"19":6,"20":6,"21":6,"22":6,"23":6,"24":6,"25":1,"26":6,"27":2,"28":6,"29":1,"30":5,"31":5,"32":0,"33":5,"34":5,"35":5,"36":5,"37":5,"38":5,"39":2,"40":2,"41":2,"42":2,"43":2,"44":3,"45":1,"46":1,"47":1,"48":1,"49":1,"50":2,"51":1,"52":1,"53":1,"54":1,"55":1,"56":0,"57":0,"58":0,"59":0,"60":0,"61":0,"62":0,"63":0,"64":0,"65":0,"66":0,"67":1,"68":1,"69":0,"70":0,"71":1,"72":1,"73":1,"74":1,"75":1,"76":1,"77":1,"78":1,"79":4,"80":2,"81":2,"82":2,"83":2,"84":5,"85":4,"86":4,"87":5,"88":1,"89":1,"90":1,"91":1},"f":{"0":5,"1":10,"2":5,"3":0},"b":{"0":[4,6],"1":[6,0],"2":[1,5],"3":[2,4],"4":[0,5],"5":[5,5],"6":[2,3],"7":[1,1],"8":[1,2],"9":[0,1],"10":[1,1],"11":[0,1],"12":[0,1],"13":[0,0],"14":[0,0],"15":[0,0],"16":[0,0],"17":[0,1],"18":[2,1,0],"19":[2,2],"20":[4,1],"21":[1,4],"22":[5,1]},"_coverageSchema":"1a1c01bbd47fc00a2c39e90264f33305004495a9","hash":"d8cc565170aa0a982fd459753214a79cf469fa4c"}
,"C:\\MERN\\SkillPilot\\backend\\utils\\expCalculator.js": {"path":"C:\\MERN\\SkillPilot\\backend\\utils\\expCalculator.js","statementMap":{"0":{"start":{"line":2,"column":2},"end":{"line":2,"column":37}},"1":{"start":{"line":2,"column":28},"end":{"line":2,"column":37}},"2":{"start":{"line":4,"column":19},"end":{"line":4,"column":41}},"3":{"start":{"line":6,"column":2},"end":{"line":12,"column":3}},"4":{"start":{"line":7,"column":4},"end":{"line":7,"column":14}},"5":{"start":{"line":8,"column":9},"end":{"line":12,"column":3}},"6":{"start":{"line":9,"column":4},"end":{"line":9,"column":13}},"7":{"start":{"line":11,"column":4},"end":{"line":11,"column":15}},"8":{"start":{"line":15,"column":0},"end":{"line":15,"column":34}}},"fnMap":{"0":{"name":"calculateExp","decl":{"start":{"line":1,"column":9},"end":{"line":1,"column":21}},"loc":{"start":{"line":1,"column":45},"end":{"line":13,"column":1}},"line":1}},"branchMap":{"0":{"loc":{"start":{"line":2,"column":2},"end":{"line":2,"column":37}},"type":"if","locations":[{"start":{"line":2,"column":2},"end":{"line":2,"column":37}},{"start":{},"end":{}}],"line":2},"1":{"loc":{"start":{"line":6,"column":2},"end":{"line":12,"column":3}},"type":"if","locations":[{"start":{"line":6,"column":2},"end":{"line":12,"column":3}},{"start":{"line":8,"column":9},"end":{"line":12,"column":3}}],"line":6},"2":{"loc":{"start":{"line":8,"column":9},"end":{"line":12,"column":3}},"type":"if","locations":[{"start":{"line":8,"column":9},"end":{"line":12,"column":3}},{"start":{"line":10,"column":9},"end":{"line":12,"column":3}}],"line":8}},"s":{"0":4,"1":1,"2":3,"3":3,"4":1,"5":2,"6":1,"7":1,"8":1},"f":{"0":4},"b":{"0":[1,3],"1":[1,2],"2":[1,1]},"_coverageSchema":"1a1c01bbd47fc00a2c39e90264f33305004495a9","hash":"e6b79d975ef228bc2a91ba0aa4d089820be7d7c3"}
}
