TN:
SF:middleware\auth.js
FN:4,authenticate
FNF:1
FNH:0
FNDA:0,authenticate
DA:1,1
DA:2,1
DA:5,0
DA:6,0
DA:7,0
DA:8,0
DA:9,0
DA:10,0
DA:11,0
DA:12,0
DA:15,1
LF:11
LH:3
BRDA:2,0,0,1
BRDA:2,0,1,1
BRDA:5,1,0,0
BRDA:5,1,1,0
BRDA:6,2,0,0
BRDA:6,2,1,0
BRF:6
BRH:2
end_of_record
TN:
SF:models\User.js
FN:25,(anonymous_0)
FNF:1
FNH:1
FNDA:4,(anonymous_0)
DA:1,1
DA:3,1
DA:25,1
DA:26,4
DA:28,4
DA:29,4
DA:30,4
DA:32,4
DA:34,4
DA:37,1
LF:10
LH:10
BRDA:26,0,0,4
BRDA:26,0,1,0
BRF:2
BRH:1
end_of_record
TN:
SF:routes\auth.js
FN:9,(anonymous_0)
FN:25,(anonymous_1)
FN:49,(anonymous_2)
FN:91,(anonymous_3)
FN:113,(anonymous_4)
FN:141,(anonymous_5)
FN:154,(anonymous_6)
FN:159,(anonymous_7)
FNF:8
FNH:2
FNDA:5,(anonymous_0)
FNDA:2,(anonymous_1)
FNDA:0,(anonymous_2)
FNDA:0,(anonymous_3)
FNDA:0,(anonymous_4)
FNDA:0,(anonymous_5)
FNDA:0,(anonymous_6)
FNDA:0,(anonymous_7)
DA:1,1
DA:2,1
DA:3,1
DA:4,1
DA:5,1
DA:6,1
DA:7,1
DA:9,1
DA:10,5
DA:11,5
DA:12,5
DA:13,5
DA:14,5
DA:15,4
DA:16,4
DA:17,4
DA:18,4
DA:19,4
DA:20,4
DA:21,4
DA:22,0
DA:25,1
DA:26,2
DA:27,2
DA:28,2
DA:29,2
DA:30,2
DA:31,2
DA:32,2
DA:33,1
DA:34,1
DA:35,1
DA:36,0
DA:39,1
DA:41,1
DA:49,1
DA:50,0
DA:51,0
DA:52,0
DA:54,0
DA:55,0
DA:58,0
DA:59,0
DA:62,0
DA:63,0
DA:64,0
DA:67,0
DA:84,0
DA:86,0
DA:87,0
DA:91,1
DA:92,0
DA:93,0
DA:94,0
DA:96,0
DA:102,0
DA:104,0
DA:105,0
DA:107,0
DA:109,0
DA:113,1
DA:114,0
DA:115,0
DA:116,0
DA:118,0
DA:124,0
DA:126,0
DA:127,0
DA:130,0
DA:131,0
DA:132,0
DA:133,0
DA:135,0
DA:137,0
DA:141,1
DA:142,0
DA:143,0
DA:144,0
DA:145,0
DA:146,0
DA:147,0
DA:148,0
DA:150,0
DA:154,1
DA:155,0
DA:156,0
DA:159,1
DA:160,0
DA:161,0
DA:162,0
DA:166,0
DA:167,0
DA:169,0
DA:171,0
DA:172,0
DA:173,0
DA:174,0
DA:175,0
DA:176,0
DA:177,0
DA:178,0
DA:179,0
DA:181,0
DA:187,0
DA:188,0
DA:189,0
DA:192,0
DA:193,0
DA:194,0
DA:196,0
DA:197,0
DA:201,1
LF:112
LH:40
BRDA:12,0,0,0
BRDA:12,0,1,5
BRDA:12,1,0,5
BRDA:12,1,1,5
BRDA:12,1,2,5
BRDA:14,2,0,1
BRDA:14,2,1,4
BRDA:21,3,0,4
BRDA:21,3,1,4
BRDA:28,4,0,0
BRDA:28,4,1,2
BRDA:28,5,0,2
BRDA:28,5,1,2
BRDA:30,6,0,0
BRDA:30,6,1,2
BRDA:32,7,0,1
BRDA:32,7,1,1
BRDA:35,8,0,1
BRDA:35,8,1,1
BRDA:52,9,0,0
BRDA:52,9,1,0
BRDA:55,10,0,0
BRDA:55,10,1,0
BRDA:94,11,0,0
BRDA:94,11,1,0
BRDA:94,12,0,0
BRDA:94,12,1,0
BRDA:102,13,0,0
BRDA:102,13,1,0
BRDA:105,14,0,0
BRDA:105,14,1,0
BRDA:116,15,0,0
BRDA:116,15,1,0
BRDA:116,16,0,0
BRDA:116,16,1,0
BRDA:116,16,2,0
BRDA:124,17,0,0
BRDA:124,17,1,0
BRDA:127,18,0,0
BRDA:127,18,1,0
BRDA:143,19,0,0
BRDA:143,19,1,0
BRDA:147,20,0,0
BRDA:147,20,1,0
BRDA:148,21,0,0
BRDA:148,21,1,0
BRDA:171,22,0,0
BRDA:171,22,1,0
BRDA:174,23,0,0
BRDA:174,23,1,0
BRDA:187,24,0,0
BRDA:187,24,1,0
BRDA:194,25,0,0
BRDA:194,25,1,0
BRF:54
BRH:16
end_of_record
TN:
SF:routes\execute.js
FN:16,ensureTmpDir
FN:28,sanitizeOutput
FN:69,(anonymous_2)
FN:176,(anonymous_3)
FNF:4
FNH:3
FNDA:5,ensureTmpDir
FNDA:10,sanitizeOutput
FNDA:5,(anonymous_2)
FNDA:0,(anonymous_3)
DA:1,1
DA:2,1
DA:3,1
DA:4,1
DA:5,1
DA:6,1
DA:7,1
DA:8,1
DA:10,1
DA:13,1
DA:17,5
DA:18,5
DA:20,0
DA:29,10
DA:31,6
DA:34,6
DA:35,6
DA:36,6
DA:39,6
DA:40,6
DA:41,6
DA:45,6
DA:46,6
DA:49,6
DA:50,1
DA:59,6
DA:60,2
DA:66,6
DA:69,1
DA:70,5
DA:72,5
DA:73,0
DA:76,5
DA:79,5
DA:80,5
DA:81,5
DA:83,5
DA:84,5
DA:85,2
DA:87,2
DA:99,2
DA:100,2
DA:101,2
DA:103,3
DA:104,1
DA:106,1
DA:128,1
DA:129,1
DA:130,1
DA:132,2
DA:133,1
DA:135,1
DA:136,1
DA:138,1
DA:140,1
DA:141,0
DA:142,0
DA:144,0
DA:145,0
DA:146,0
DA:147,0
DA:150,0
DA:152,0
DA:153,0
DA:154,0
DA:172,0
DA:175,1
DA:176,1
DA:177,0
DA:178,0
DA:181,1
DA:183,1
DA:200,1
DA:210,1
DA:211,1
DA:212,1
DA:213,1
DA:216,1
DA:220,4
DA:222,2
DA:230,2
DA:231,2
DA:232,2
DA:240,5
DA:241,4
DA:244,5
DA:245,1
DA:246,1
DA:251,1
LF:89
LH:74
BRDA:29,0,0,4
BRDA:29,0,1,6
BRDA:34,1,0,6
BRDA:34,1,1,0
BRDA:49,2,0,1
BRDA:49,2,1,5
BRDA:59,3,0,2
BRDA:59,3,1,4
BRDA:72,4,0,0
BRDA:72,4,1,5
BRDA:72,5,0,5
BRDA:72,5,1,5
BRDA:84,6,0,2
BRDA:84,6,1,3
BRDA:90,7,0,1
BRDA:90,7,1,1
BRDA:103,8,0,1
BRDA:103,8,1,2
BRDA:106,9,0,0
BRDA:106,9,1,1
BRDA:132,10,0,1
BRDA:132,10,1,1
BRDA:138,11,0,0
BRDA:138,11,1,1
BRDA:140,12,0,0
BRDA:140,12,1,1
BRDA:144,13,0,0
BRDA:144,13,1,0
BRDA:146,14,0,0
BRDA:146,14,1,0
BRDA:152,15,0,0
BRDA:152,15,1,0
BRDA:152,16,0,0
BRDA:152,16,1,0
BRDA:183,17,0,0
BRDA:183,17,1,1
BRDA:230,18,0,2
BRDA:230,18,1,1
BRDA:230,18,2,0
BRDA:231,19,0,2
BRDA:231,19,1,2
BRDA:240,20,0,4
BRDA:240,20,1,1
BRDA:244,21,0,1
BRDA:244,21,1,4
BRDA:244,22,0,5
BRDA:244,22,1,1
BRF:47
BRH:32
end_of_record
TN:
SF:utils\expCalculator.js
FN:1,calculateExp
FNF:1
FNH:1
FNDA:4,calculateExp
DA:2,4
DA:4,3
DA:6,3
DA:7,1
DA:8,2
DA:9,1
DA:11,1
DA:15,1
LF:8
LH:8
BRDA:2,0,0,1
BRDA:2,0,1,3
BRDA:6,1,0,1
BRDA:6,1,1,2
BRDA:8,2,0,1
BRDA:8,2,1,1
BRF:6
BRH:6
end_of_record
